This file contains any messages produced by compilers while
running configure, to aid debugging if configure makes a mistake.

It was created by librcsc configure 4.1.0, which was
generated by GNU Autoconf 2.69.  Invocation command line was

  $ ./configure 

## --------- ##
## Platform. ##
## --------- ##

hostname = vickycomp
uname -m = x86_64
uname -r = 3.13.0-85-generic
uname -s = Linux
uname -v = #129-Ubuntu SMP Thu Mar 17 20:50:15 UTC 2016

/usr/bin/uname -p = unknown
/bin/uname -X     = unknown

/bin/arch              = unknown
/usr/bin/arch -k       = unknown
/usr/convex/getsysinfo = unknown
/usr/bin/hostinfo      = unknown
/bin/machine           = unknown
/usr/bin/oslevel       = unknown
/bin/universe          = unknown

PATH: ~/.cabal/bin
PATH: /opt/cabal/1.20/bin
PATH: /opt/ghc/7.8.4/bin
PATH: /usr/local/sbin
PATH: /usr/local/bin
PATH: /usr/sbin
PATH: /usr/bin
PATH: /sbin
PATH: /bin
PATH: /usr/games
PATH: /usr/local/games
PATH: /home/vicky/.rvm/bin
PATH: /home/vicky/.rvm/bin
PATH: /usr/local/hadoop/bin
PATH: /usr/local/hadoop/sbin


## ----------- ##
## Core tests. ##
## ----------- ##

configure:2718: checking for a BSD-compatible install
configure:2786: result: /usr/bin/install -c
configure:2797: checking whether build environment is sane
configure:2847: result: yes
configure:2988: checking for a thread-safe mkdir -p
configure:3027: result: /bin/mkdir -p
configure:3040: checking for gawk
configure:3070: result: no
configure:3040: checking for mawk
configure:3056: found /usr/bin/mawk
configure:3067: result: mawk
configure:3078: checking whether make sets $(MAKE)
configure:3100: result: yes
configure:3222: checking build system type
configure:3236: result: x86_64-unknown-linux-gnu
configure:3256: checking host system type
configure:3269: result: x86_64-unknown-linux-gnu
configure:3301: checking for style of include used by make
configure:3329: result: GNU
configure:3399: checking for gcc
configure:3415: found /usr/bin/gcc
configure:3426: result: gcc
configure:3655: checking for C compiler version
configure:3664: gcc --version >&5
gcc (Ubuntu 4.8.4-2ubuntu1~14.04.1) 4.8.4
Copyright (C) 2013 Free Software Foundation, Inc.
This is free software; see the source for copying conditions.  There is NO
warranty; not even for MERCHANTABILITY or FITNESS FOR A PARTICULAR PURPOSE.

configure:3675: $? = 0
configure:3664: gcc -v >&5
Using built-in specs.
COLLECT_GCC=gcc
COLLECT_LTO_WRAPPER=/usr/lib/gcc/x86_64-linux-gnu/4.8/lto-wrapper
Target: x86_64-linux-gnu
Configured with: ../src/configure -v --with-pkgversion='Ubuntu 4.8.4-2ubuntu1~14.04.1' --with-bugurl=file:///usr/share/doc/gcc-4.8/README.Bugs --enable-languages=c,c++,java,go,d,fortran,objc,obj-c++ --prefix=/usr --program-suffix=-4.8 --enable-shared --enable-linker-build-id --libexecdir=/usr/lib --without-included-gettext --enable-threads=posix --with-gxx-include-dir=/usr/include/c++/4.8 --libdir=/usr/lib --enable-nls --with-sysroot=/ --enable-clocale=gnu --enable-libstdcxx-debug --enable-libstdcxx-time=yes --enable-gnu-unique-object --disable-libmudflap --enable-plugin --with-system-zlib --disable-browser-plugin --enable-java-awt=gtk --enable-gtk-cairo --with-java-home=/usr/lib/jvm/java-1.5.0-gcj-4.8-amd64/jre --enable-java-home --with-jvm-root-dir=/usr/lib/jvm/java-1.5.0-gcj-4.8-amd64 --with-jvm-jar-dir=/usr/lib/jvm-exports/java-1.5.0-gcj-4.8-amd64 --with-arch-directory=amd64 --with-ecj-jar=/usr/share/java/eclipse-ecj.jar --enable-objc-gc --enable-multiarch --disable-werror --with-arch-32=i686 --with-abi=m64 --with-multilib-list=m32,m64,mx32 --with-tune=generic --enable-checking=release --build=x86_64-linux-gnu --host=x86_64-linux-gnu --target=x86_64-linux-gnu
Thread model: posix
gcc version 4.8.4 (Ubuntu 4.8.4-2ubuntu1~14.04.1) 
configure:3675: $? = 0
configure:3664: gcc -V >&5
gcc: error: unrecognized command line option '-V'
gcc: fatal error: no input files
compilation terminated.
configure:3675: $? = 4
configure:3664: gcc -qversion >&5
gcc: error: unrecognized command line option '-qversion'
gcc: fatal error: no input files
compilation terminated.
configure:3675: $? = 4
configure:3695: checking whether the C compiler works
configure:3717: gcc    conftest.c  >&5
configure:3721: $? = 0
configure:3769: result: yes
configure:3772: checking for C compiler default output file name
configure:3774: result: a.out
configure:3780: checking for suffix of executables
configure:3787: gcc -o conftest    conftest.c  >&5
configure:3791: $? = 0
configure:3813: result: 
configure:3835: checking whether we are cross compiling
configure:3843: gcc -o conftest    conftest.c  >&5
configure:3847: $? = 0
configure:3854: ./conftest
configure:3858: $? = 0
configure:3873: result: no
configure:3878: checking for suffix of object files
configure:3900: gcc -c   conftest.c >&5
configure:3904: $? = 0
configure:3925: result: o
configure:3929: checking whether we are using the GNU C compiler
configure:3948: gcc -c   conftest.c >&5
configure:3948: $? = 0
configure:3957: result: yes
configure:3966: checking whether gcc accepts -g
configure:3986: gcc -c -g  conftest.c >&5
configure:3986: $? = 0
configure:4027: result: yes
configure:4044: checking for gcc option to accept ISO C89
configure:4107: gcc  -c -g -O2  conftest.c >&5
configure:4107: $? = 0
configure:4120: result: none needed
configure:4142: checking dependency style of gcc
configure:4252: result: gcc3
configure:4267: checking for a sed that does not truncate output
configure:4331: result: /bin/sed
configure:4349: checking for grep that handles long lines and -e
configure:4407: result: /bin/grep
configure:4412: checking for egrep
configure:4474: result: /bin/grep -E
configure:4479: checking for fgrep
configure:4541: result: /bin/grep -F
configure:4576: checking for ld used by gcc
configure:4643: result: /usr/bin/ld
configure:4650: checking if the linker (/usr/bin/ld) is GNU ld
configure:4665: result: yes
configure:4677: checking for BSD- or MS-compatible name lister (nm)
configure:4726: result: /usr/bin/nm -B
configure:4844: checking the name lister (/usr/bin/nm -B) interface
configure:4851:  -c   conftest.cpp >&5
./configure: line 4852: -c: command not found
configure:4854: /usr/bin/nm -B "conftest.o"
/usr/bin/nm: 'conftest.o': No such file
configure:4857: output
configure:4864: result: BSD nm
configure:4867: checking whether ln -s works
configure:4871: result: yes
configure:4879: checking the maximum length of command line arguments
configure:4999: result: 1572864
configure:5016: checking whether the shell understands some XSI constructs
configure:5026: result: yes
configure:5030: checking whether the shell understands "+="
configure:5036: result: yes
configure:5071: checking for /usr/bin/ld option to reload object files
configure:5078: result: -r
configure:5147: checking for objdump
configure:5163: found /usr/bin/objdump
configure:5174: result: objdump
configure:5206: checking how to recognize dependent libraries
configure:5402: result: pass_all
configure:5462: checking for ar
configure:5478: found /usr/bin/ar
configure:5489: result: ar
configure:5567: checking for strip
configure:5583: found /usr/bin/strip
configure:5594: result: strip
configure:5666: checking for ranlib
configure:5682: found /usr/bin/ranlib
configure:5693: result: ranlib
configure:5783: checking command to parse /usr/bin/nm -B output from gcc object
configure:5901:  -c   conftest.cpp >&5
./configure: line 5902: -c: command not found
configure:5904: $? = 127
: failed program was:
#ifdef __cplusplus
extern "C" {
#endif
char nm_test_var;
void nm_test_func(void);
void nm_test_func(void){}
#ifdef __cplusplus
}
#endif
int main(){nm_test_var='a';nm_test_func();return(0);}
configure:5901:  -c   conftest.cpp >&5
./configure: line 5902: -c: command not found
configure:5904: $? = 127
: failed program was:
#ifdef __cplusplus
extern "C" {
#endif
char nm_test_var;
void nm_test_func(void);
void nm_test_func(void){}
#ifdef __cplusplus
}
#endif
int main(){nm_test_var='a';nm_test_func();return(0);}
configure:6003: result: failed
configure:6102:  -c   conftest.cpp >&5
./configure: line 6103: -c: command not found
configure:6105: $? = 127
configure:6815: checking how to run the C preprocessor
configure:6846: gcc -E  conftest.c
configure:6846: $? = 0
configure:6860: gcc -E  conftest.c
conftest.c:11:28: fatal error: ac_nonexistent.h: No such file or directory
 #include <ac_nonexistent.h>
                            ^
compilation terminated.
configure:6860: $? = 1
configure: failed program was:
| /* confdefs.h */
| #define PACKAGE_NAME "librcsc"
| #define PACKAGE_TARNAME "librcsc"
| #define PACKAGE_VERSION "4.1.0"
| #define PACKAGE_STRING "librcsc 4.1.0"
| #define PACKAGE_BUGREPORT "akky@users.sourceforge.jp"
| #define PACKAGE_URL ""
| #define PACKAGE "librcsc"
| #define VERSION "4.1.0"
| /* end confdefs.h.  */
| #include <ac_nonexistent.h>
configure:6885: result: gcc -E
configure:6905: gcc -E  conftest.c
configure:6905: $? = 0
configure:6919: gcc -E  conftest.c
conftest.c:11:28: fatal error: ac_nonexistent.h: No such file or directory
 #include <ac_nonexistent.h>
                            ^
compilation terminated.
configure:6919: $? = 1
configure: failed program was:
| /* confdefs.h */
| #define PACKAGE_NAME "librcsc"
| #define PACKAGE_TARNAME "librcsc"
| #define PACKAGE_VERSION "4.1.0"
| #define PACKAGE_STRING "librcsc 4.1.0"
| #define PACKAGE_BUGREPORT "akky@users.sourceforge.jp"
| #define PACKAGE_URL ""
| #define PACKAGE "librcsc"
| #define VERSION "4.1.0"
| /* end confdefs.h.  */
| #include <ac_nonexistent.h>
configure:6948: checking for ANSI C header files
configure:6968: gcc -c -g -O2  conftest.c >&5
configure:6968: $? = 0
configure:7041: gcc -o conftest -g -O2   conftest.c  >&5
configure:7041: $? = 0
configure:7041: ./conftest
configure:7041: $? = 0
configure:7052: result: yes
configure:7065: checking for sys/types.h
configure:7065: gcc -c -g -O2  conftest.c >&5
configure:7065: $? = 0
configure:7065: result: yes
configure:7065: checking for sys/stat.h
configure:7065: gcc -c -g -O2  conftest.c >&5
configure:7065: $? = 0
configure:7065: result: yes
configure:7065: checking for stdlib.h
configure:7065: gcc -c -g -O2  conftest.c >&5
configure:7065: $? = 0
configure:7065: result: yes
configure:7065: checking for string.h
configure:7065: gcc -c -g -O2  conftest.c >&5
configure:7065: $? = 0
configure:7065: result: yes
configure:7065: checking for memory.h
configure:7065: gcc -c -g -O2  conftest.c >&5
configure:7065: $? = 0
configure:7065: result: yes
configure:7065: checking for strings.h
configure:7065: gcc -c -g -O2  conftest.c >&5
configure:7065: $? = 0
configure:7065: result: yes
configure:7065: checking for inttypes.h
configure:7065: gcc -c -g -O2  conftest.c >&5
configure:7065: $? = 0
configure:7065: result: yes
configure:7065: checking for stdint.h
configure:7065: gcc -c -g -O2  conftest.c >&5
configure:7065: $? = 0
configure:7065: result: yes
configure:7065: checking for unistd.h
configure:7065: gcc -c -g -O2  conftest.c >&5
configure:7065: $? = 0
configure:7065: result: yes
configure:7079: checking for dlfcn.h
configure:7079: gcc -c -g -O2  conftest.c >&5
configure:7079: $? = 0
configure:7079: result: yes
configure:7261: checking for objdir
configure:7276: result: .libs
configure:7572: checking if gcc supports -fno-rtti -fno-exceptions
configure:7590: gcc -c -g -O2  -fno-rtti -fno-exceptions conftest.c >&5
cc1: warning: command line option '-fno-rtti' is valid for C++/ObjC++ but not for C [enabled by default]
configure:7594: $? = 0
configure:7607: result: no
configure:7627: checking for gcc option to produce PIC
configure:7899: result: -fPIC -DPIC
configure:7911: checking if gcc PIC flag -fPIC -DPIC works
configure:7929: gcc -c -g -O2  -fPIC -DPIC -DPIC conftest.c >&5
configure:7933: $? = 0
configure:7946: result: yes
configure:7970: checking if gcc static flag -static works
configure:7998: result: yes
configure:8013: checking if gcc supports -c -o file.o
configure:8034: gcc -c -g -O2  -o out/conftest2.o conftest.c >&5
configure:8038: $? = 0
configure:8060: result: yes
configure:8068: checking if gcc supports -c -o file.o
configure:8115: result: yes
configure:8148: checking whether the gcc linker (/usr/bin/ld) supports shared libraries
configure:9139: result: yes
configure:9176: checking whether -lc should be explicitly linked in
configure:9181: gcc -c -g -O2  conftest.c >&5
configure:9184: $? = 0
configure:9199: gcc -shared conftest.o  -v -Wl,-soname -Wl,conftest -o conftest 2\>\&1 \| /bin/grep  -lc  \>/dev/null 2\>\&1
configure:9202: $? = 0
configure:9214: result: no
configure:9378: checking dynamic linker characteristics
configure:9811: gcc -o conftest -g -O2   -Wl,-rpath -Wl,/foo conftest.c  >&5
configure:9811: $? = 0
configure:10041: result: GNU/Linux ld.so
configure:10143: checking how to hardcode library paths into programs
configure:10168: result: immediate
configure:10688: checking whether stripping libraries is possible
configure:10693: result: yes
configure:10728: checking if libtool supports shared libraries
configure:10730: result: yes
configure:10733: checking whether to build shared libraries
configure:10754: result: yes
configure:10757: checking whether to build static libraries
configure:10761: result: no
configure:10856: checking for g++
configure:10872: found /usr/bin/g++
configure:10883: result: g++
configure:10910: checking for C++ compiler version
configure:10919: g++ --version >&5
g++ (Ubuntu 4.8.4-2ubuntu1~14.04.1) 4.8.4
Copyright (C) 2013 Free Software Foundation, Inc.
This is free software; see the source for copying conditions.  There is NO
warranty; not even for MERCHANTABILITY or FITNESS FOR A PARTICULAR PURPOSE.

configure:10930: $? = 0
configure:10919: g++ -v >&5
Using built-in specs.
COLLECT_GCC=g++
COLLECT_LTO_WRAPPER=/usr/lib/gcc/x86_64-linux-gnu/4.8/lto-wrapper
Target: x86_64-linux-gnu
Configured with: ../src/configure -v --with-pkgversion='Ubuntu 4.8.4-2ubuntu1~14.04.1' --with-bugurl=file:///usr/share/doc/gcc-4.8/README.Bugs --enable-languages=c,c++,java,go,d,fortran,objc,obj-c++ --prefix=/usr --program-suffix=-4.8 --enable-shared --enable-linker-build-id --libexecdir=/usr/lib --without-included-gettext --enable-threads=posix --with-gxx-include-dir=/usr/include/c++/4.8 --libdir=/usr/lib --enable-nls --with-sysroot=/ --enable-clocale=gnu --enable-libstdcxx-debug --enable-libstdcxx-time=yes --enable-gnu-unique-object --disable-libmudflap --enable-plugin --with-system-zlib --disable-browser-plugin --enable-java-awt=gtk --enable-gtk-cairo --with-java-home=/usr/lib/jvm/java-1.5.0-gcj-4.8-amd64/jre --enable-java-home --with-jvm-root-dir=/usr/lib/jvm/java-1.5.0-gcj-4.8-amd64 --with-jvm-jar-dir=/usr/lib/jvm-exports/java-1.5.0-gcj-4.8-amd64 --with-arch-directory=amd64 --with-ecj-jar=/usr/share/java/eclipse-ecj.jar --enable-objc-gc --enable-multiarch --disable-werror --with-arch-32=i686 --with-abi=m64 --with-multilib-list=m32,m64,mx32 --with-tune=generic --enable-checking=release --build=x86_64-linux-gnu --host=x86_64-linux-gnu --target=x86_64-linux-gnu
Thread model: posix
gcc version 4.8.4 (Ubuntu 4.8.4-2ubuntu1~14.04.1) 
configure:10930: $? = 0
configure:10919: g++ -V >&5
g++: error: unrecognized command line option '-V'
g++: fatal error: no input files
compilation terminated.
configure:10930: $? = 4
configure:10919: g++ -qversion >&5
g++: error: unrecognized command line option '-qversion'
g++: fatal error: no input files
compilation terminated.
configure:10930: $? = 4
configure:10934: checking whether we are using the GNU C++ compiler
configure:10953: g++ -c   conftest.cpp >&5
configure:10953: $? = 0
configure:10962: result: yes
configure:10971: checking whether g++ accepts -g
configure:10991: g++ -c -g  conftest.cpp >&5
configure:10991: $? = 0
configure:11032: result: yes
configure:11057: checking dependency style of g++
configure:11167: result: gcc3
configure:11190: checking how to run the C++ preprocessor
configure:11217: g++ -E  conftest.cpp
configure:11217: $? = 0
configure:11231: g++ -E  conftest.cpp
conftest.cpp:23:28: fatal error: ac_nonexistent.h: No such file or directory
 #include <ac_nonexistent.h>
                            ^
compilation terminated.
configure:11231: $? = 1
configure: failed program was:
| /* confdefs.h */
| #define PACKAGE_NAME "librcsc"
| #define PACKAGE_TARNAME "librcsc"
| #define PACKAGE_VERSION "4.1.0"
| #define PACKAGE_STRING "librcsc 4.1.0"
| #define PACKAGE_BUGREPORT "akky@users.sourceforge.jp"
| #define PACKAGE_URL ""
| #define PACKAGE "librcsc"
| #define VERSION "4.1.0"
| #define STDC_HEADERS 1
| #define HAVE_SYS_TYPES_H 1
| #define HAVE_SYS_STAT_H 1
| #define HAVE_STDLIB_H 1
| #define HAVE_STRING_H 1
| #define HAVE_MEMORY_H 1
| #define HAVE_STRINGS_H 1
| #define HAVE_INTTYPES_H 1
| #define HAVE_STDINT_H 1
| #define HAVE_UNISTD_H 1
| #define HAVE_DLFCN_H 1
| #define LT_OBJDIR ".libs/"
| /* end confdefs.h.  */
| #include <ac_nonexistent.h>
configure:11256: result: g++ -E
configure:11276: g++ -E  conftest.cpp
configure:11276: $? = 0
configure:11290: g++ -E  conftest.cpp
conftest.cpp:23:28: fatal error: ac_nonexistent.h: No such file or directory
 #include <ac_nonexistent.h>
                            ^
compilation terminated.
configure:11290: $? = 1
configure: failed program was:
| /* confdefs.h */
| #define PACKAGE_NAME "librcsc"
| #define PACKAGE_TARNAME "librcsc"
| #define PACKAGE_VERSION "4.1.0"
| #define PACKAGE_STRING "librcsc 4.1.0"
| #define PACKAGE_BUGREPORT "akky@users.sourceforge.jp"
| #define PACKAGE_URL ""
| #define PACKAGE "librcsc"
| #define VERSION "4.1.0"
| #define STDC_HEADERS 1
| #define HAVE_SYS_TYPES_H 1
| #define HAVE_SYS_STAT_H 1
| #define HAVE_STDLIB_H 1
| #define HAVE_STRING_H 1
| #define HAVE_MEMORY_H 1
| #define HAVE_STRINGS_H 1
| #define HAVE_INTTYPES_H 1
| #define HAVE_STDINT_H 1
| #define HAVE_UNISTD_H 1
| #define HAVE_DLFCN_H 1
| #define LT_OBJDIR ".libs/"
| /* end confdefs.h.  */
| #include <ac_nonexistent.h>
configure:11458: checking for ld used by g++
configure:11525: result: /usr/bin/ld
configure:11532: checking if the linker (/usr/bin/ld) is GNU ld
configure:11547: result: yes
configure:11602: checking whether the g++ linker (/usr/bin/ld) supports shared libraries
configure:12515: result: yes
configure:12543: g++ -c -g -O2  conftest.cpp >&5
configure:12546: $? = 0
configure:12728: checking for g++ option to produce PIC
configure:13045: result: -fPIC -DPIC
configure:13054: checking if g++ PIC flag -fPIC -DPIC works
configure:13072: g++ -c -g -O2  -fPIC -DPIC -DPIC conftest.cpp >&5
configure:13076: $? = 0
configure:13089: result: yes
configure:13110: checking if g++ static flag -static works
configure:13138: result: yes
configure:13150: checking if g++ supports -c -o file.o
configure:13171: g++ -c -g -O2  -o out/conftest2.o conftest.cpp >&5
configure:13175: $? = 0
configure:13197: result: yes
configure:13202: checking if g++ supports -c -o file.o
configure:13249: result: yes
configure:13279: checking whether the g++ linker (/usr/bin/ld) supports shared libraries
configure:13308: result: yes
configure:13445: checking dynamic linker characteristics
configure:13826: g++ -o conftest -g -O2   -Wl,-rpath -Wl,/foo conftest.cpp  >&5
configure:13826: $? = 0
configure:14056: result: GNU/Linux ld.so
configure:14107: checking how to hardcode library paths into programs
configure:14132: result: immediate
configure:14292: checking for C++ compiler version
configure:14301: g++ --version >&5
g++ (Ubuntu 4.8.4-2ubuntu1~14.04.1) 4.8.4
Copyright (C) 2013 Free Software Foundation, Inc.
This is free software; see the source for copying conditions.  There is NO
warranty; not even for MERCHANTABILITY or FITNESS FOR A PARTICULAR PURPOSE.

configure:14312: $? = 0
configure:14301: g++ -v >&5
Using built-in specs.
COLLECT_GCC=g++
COLLECT_LTO_WRAPPER=/usr/lib/gcc/x86_64-linux-gnu/4.8/lto-wrapper
Target: x86_64-linux-gnu
Configured with: ../src/configure -v --with-pkgversion='Ubuntu 4.8.4-2ubuntu1~14.04.1' --with-bugurl=file:///usr/share/doc/gcc-4.8/README.Bugs --enable-languages=c,c++,java,go,d,fortran,objc,obj-c++ --prefix=/usr --program-suffix=-4.8 --enable-shared --enable-linker-build-id --libexecdir=/usr/lib --without-included-gettext --enable-threads=posix --with-gxx-include-dir=/usr/include/c++/4.8 --libdir=/usr/lib --enable-nls --with-sysroot=/ --enable-clocale=gnu --enable-libstdcxx-debug --enable-libstdcxx-time=yes --enable-gnu-unique-object --disable-libmudflap --enable-plugin --with-system-zlib --disable-browser-plugin --enable-java-awt=gtk --enable-gtk-cairo --with-java-home=/usr/lib/jvm/java-1.5.0-gcj-4.8-amd64/jre --enable-java-home --with-jvm-root-dir=/usr/lib/jvm/java-1.5.0-gcj-4.8-amd64 --with-jvm-jar-dir=/usr/lib/jvm-exports/java-1.5.0-gcj-4.8-amd64 --with-arch-directory=amd64 --with-ecj-jar=/usr/share/java/eclipse-ecj.jar --enable-objc-gc --enable-multiarch --disable-werror --with-arch-32=i686 --with-abi=m64 --with-multilib-list=m32,m64,mx32 --with-tune=generic --enable-checking=release --build=x86_64-linux-gnu --host=x86_64-linux-gnu --target=x86_64-linux-gnu
Thread model: posix
gcc version 4.8.4 (Ubuntu 4.8.4-2ubuntu1~14.04.1) 
configure:14312: $? = 0
configure:14301: g++ -V >&5
g++: error: unrecognized command line option '-V'
g++: fatal error: no input files
compilation terminated.
configure:14312: $? = 4
configure:14301: g++ -qversion >&5
g++: error: unrecognized command line option '-qversion'
g++: fatal error: no input files
compilation terminated.
configure:14312: $? = 4
configure:14316: checking whether we are using the GNU C++ compiler
configure:14344: result: yes
configure:14353: checking whether g++ accepts -g
configure:14414: result: yes
configure:14439: checking dependency style of g++
configure:14549: result: gcc3
configure:14612: checking for gcc
configure:14639: result: gcc
configure:14868: checking for C compiler version
configure:14877: gcc --version >&5
gcc (Ubuntu 4.8.4-2ubuntu1~14.04.1) 4.8.4
Copyright (C) 2013 Free Software Foundation, Inc.
This is free software; see the source for copying conditions.  There is NO
warranty; not even for MERCHANTABILITY or FITNESS FOR A PARTICULAR PURPOSE.

configure:14888: $? = 0
configure:14877: gcc -v >&5
Using built-in specs.
COLLECT_GCC=gcc
COLLECT_LTO_WRAPPER=/usr/lib/gcc/x86_64-linux-gnu/4.8/lto-wrapper
Target: x86_64-linux-gnu
Configured with: ../src/configure -v --with-pkgversion='Ubuntu 4.8.4-2ubuntu1~14.04.1' --with-bugurl=file:///usr/share/doc/gcc-4.8/README.Bugs --enable-languages=c,c++,java,go,d,fortran,objc,obj-c++ --prefix=/usr --program-suffix=-4.8 --enable-shared --enable-linker-build-id --libexecdir=/usr/lib --without-included-gettext --enable-threads=posix --with-gxx-include-dir=/usr/include/c++/4.8 --libdir=/usr/lib --enable-nls --with-sysroot=/ --enable-clocale=gnu --enable-libstdcxx-debug --enable-libstdcxx-time=yes --enable-gnu-unique-object --disable-libmudflap --enable-plugin --with-system-zlib --disable-browser-plugin --enable-java-awt=gtk --enable-gtk-cairo --with-java-home=/usr/lib/jvm/java-1.5.0-gcj-4.8-amd64/jre --enable-java-home --with-jvm-root-dir=/usr/lib/jvm/java-1.5.0-gcj-4.8-amd64 --with-jvm-jar-dir=/usr/lib/jvm-exports/java-1.5.0-gcj-4.8-amd64 --with-arch-directory=amd64 --with-ecj-jar=/usr/share/java/eclipse-ecj.jar --enable-objc-gc --enable-multiarch --disable-werror --with-arch-32=i686 --with-abi=m64 --with-multilib-list=m32,m64,mx32 --with-tune=generic --enable-checking=release --build=x86_64-linux-gnu --host=x86_64-linux-gnu --target=x86_64-linux-gnu
Thread model: posix
gcc version 4.8.4 (Ubuntu 4.8.4-2ubuntu1~14.04.1) 
configure:14888: $? = 0
configure:14877: gcc -V >&5
gcc: error: unrecognized command line option '-V'
gcc: fatal error: no input files
compilation terminated.
configure:14888: $? = 4
configure:14877: gcc -qversion >&5
gcc: error: unrecognized command line option '-qversion'
gcc: fatal error: no input files
compilation terminated.
configure:14888: $? = 4
configure:14892: checking whether we are using the GNU C compiler
configure:14920: result: yes
configure:14929: checking whether gcc accepts -g
configure:14990: result: yes
configure:15007: checking for gcc option to accept ISO C89
configure:15083: result: none needed
configure:15105: checking dependency style of gcc
configure:15215: result: gcc3
configure:15235: checking how to run the C preprocessor
configure:15305: result: gcc -E
configure:15325: gcc -E  conftest.c
configure:15325: $? = 0
configure:15339: gcc -E  conftest.c
conftest.c:23:28: fatal error: ac_nonexistent.h: No such file or directory
 #include <ac_nonexistent.h>
                            ^
compilation terminated.
configure:15339: $? = 1
configure: failed program was:
| /* confdefs.h */
| #define PACKAGE_NAME "librcsc"
| #define PACKAGE_TARNAME "librcsc"
| #define PACKAGE_VERSION "4.1.0"
| #define PACKAGE_STRING "librcsc 4.1.0"
| #define PACKAGE_BUGREPORT "akky@users.sourceforge.jp"
| #define PACKAGE_URL ""
| #define PACKAGE "librcsc"
| #define VERSION "4.1.0"
| #define STDC_HEADERS 1
| #define HAVE_SYS_TYPES_H 1
| #define HAVE_SYS_STAT_H 1
| #define HAVE_STDLIB_H 1
| #define HAVE_STRING_H 1
| #define HAVE_MEMORY_H 1
| #define HAVE_STRINGS_H 1
| #define HAVE_INTTYPES_H 1
| #define HAVE_STDINT_H 1
| #define HAVE_UNISTD_H 1
| #define HAVE_DLFCN_H 1
| #define LT_OBJDIR ".libs/"
| /* end confdefs.h.  */
| #include <ac_nonexistent.h>
configure:15368: checking whether ln -s works
configure:15372: result: yes
configure:15379: checking whether make sets $(MAKE)
configure:15401: result: yes
configure:15415: checking for cos in -lm
configure:15440: g++ -o conftest -g -O2   conftest.cpp -lm   >&5
configure:15440: $? = 0
configure:15449: result: yes
configure:15458: checking for deflate in -lz
configure:15483: g++ -o conftest -g -O2   conftest.cpp -lz  -lm  >&5
configure:15483: $? = 0
configure:15492: result: yes
configure:15511: checking arpa/inet.h usability
configure:15511: g++ -c -g -O2  conftest.cpp >&5
configure:15511: $? = 0
configure:15511: result: yes
configure:15511: checking arpa/inet.h presence
configure:15511: g++ -E  conftest.cpp
configure:15511: $? = 0
configure:15511: result: yes
configure:15511: checking for arpa/inet.h
configure:15511: result: yes
configure:15523: checking fcntl.h usability
configure:15523: g++ -c -g -O2  conftest.cpp >&5
configure:15523: $? = 0
configure:15523: result: yes
configure:15523: checking fcntl.h presence
configure:15523: g++ -E  conftest.cpp
configure:15523: $? = 0
configure:15523: result: yes
configure:15523: checking for fcntl.h
configure:15523: result: yes
configure:15537: checking netinet/in.h usability
configure:15537: g++ -c -g -O2  conftest.cpp >&5
configure:15537: $? = 0
configure:15537: result: yes
configure:15537: checking netinet/in.h presence
configure:15537: g++ -E  conftest.cpp
configure:15537: $? = 0
configure:15537: result: yes
configure:15537: checking for netinet/in.h
configure:15537: result: yes
configure:15551: checking netdb.h usability
configure:15551: g++ -c -g -O2  conftest.cpp >&5
configure:15551: $? = 0
configure:15551: result: yes
configure:15551: checking netdb.h presence
configure:15551: g++ -E  conftest.cpp
configure:15551: $? = 0
configure:15551: result: yes
configure:15551: checking for netdb.h
configure:15551: result: yes
configure:15565: checking sys/socket.h usability
configure:15565: g++ -c -g -O2  conftest.cpp >&5
configure:15565: $? = 0
configure:15565: result: yes
configure:15565: checking sys/socket.h presence
configure:15565: g++ -E  conftest.cpp
configure:15565: $? = 0
configure:15565: result: yes
configure:15565: checking for sys/socket.h
configure:15565: result: yes
configure:15579: checking sys/time.h usability
configure:15579: g++ -c -g -O2  conftest.cpp >&5
configure:15579: $? = 0
configure:15579: result: yes
configure:15579: checking sys/time.h presence
configure:15579: g++ -E  conftest.cpp
configure:15579: $? = 0
configure:15579: result: yes
configure:15579: checking for sys/time.h
configure:15579: result: yes
configure:15593: checking for unistd.h
configure:15593: result: yes
configure:15610: checking for socklen_t
configure:15610: g++ -c -g -O2  conftest.cpp >&5
configure:15610: $? = 0
configure:15610: g++ -c -g -O2  conftest.cpp >&5
conftest.cpp: In function 'int main()':
conftest.cpp:40:23: error: expected primary-expression before ')' token
 if (sizeof ((socklen_t)))
                       ^
configure:15610: $? = 1
configure: failed program was:
| /* confdefs.h */
| #define PACKAGE_NAME "librcsc"
| #define PACKAGE_TARNAME "librcsc"
| #define PACKAGE_VERSION "4.1.0"
| #define PACKAGE_STRING "librcsc 4.1.0"
| #define PACKAGE_BUGREPORT "akky@users.sourceforge.jp"
| #define PACKAGE_URL ""
| #define PACKAGE "librcsc"
| #define VERSION "4.1.0"
| #define STDC_HEADERS 1
| #define HAVE_SYS_TYPES_H 1
| #define HAVE_SYS_STAT_H 1
| #define HAVE_STDLIB_H 1
| #define HAVE_STRING_H 1
| #define HAVE_MEMORY_H 1
| #define HAVE_STRINGS_H 1
| #define HAVE_INTTYPES_H 1
| #define HAVE_STDINT_H 1
| #define HAVE_UNISTD_H 1
| #define HAVE_DLFCN_H 1
| #define LT_OBJDIR ".libs/"
| #define HAVE_LIBZ 1
| #define HAVE_ARPA_INET_H 1
| #define HAVE_FCNTL_H 1
| #define HAVE_NETINET_IN_H 1
| #define HAVE_NETDB_H 1
| #define HAVE_SYS_SOCKET_H 1
| #define HAVE_SYS_TIME_H 1
| #define HAVE_UNISTD_H 1
| /* end confdefs.h.  */
| 
| #if HAVE_SYS_TYPES_H
| # include <sys/types.h>
| #endif
| #include <sys/socket.h>
| 
| int
| main ()
| {
| if (sizeof ((socklen_t)))
| 	    return 0;
|   ;
|   return 0;
| }
configure:15610: result: yes
configure:15634: checking for stdbool.h that conforms to C99
configure:15701: g++ -c -g -O2  conftest.cpp >&5
configure:15701: $? = 0
configure:15708: result: yes
configure:15710: checking for _Bool
configure:15710: g++ -c -g -O2  conftest.cpp >&5
conftest.cpp: In function 'int main()':
conftest.cpp:68:13: error: '_Bool' was not declared in this scope
 if (sizeof (_Bool))
             ^
configure:15710: $? = 1
configure: failed program was:
| /* confdefs.h */
| #define PACKAGE_NAME "librcsc"
| #define PACKAGE_TARNAME "librcsc"
| #define PACKAGE_VERSION "4.1.0"
| #define PACKAGE_STRING "librcsc 4.1.0"
| #define PACKAGE_BUGREPORT "akky@users.sourceforge.jp"
| #define PACKAGE_URL ""
| #define PACKAGE "librcsc"
| #define VERSION "4.1.0"
| #define STDC_HEADERS 1
| #define HAVE_SYS_TYPES_H 1
| #define HAVE_SYS_STAT_H 1
| #define HAVE_STDLIB_H 1
| #define HAVE_STRING_H 1
| #define HAVE_MEMORY_H 1
| #define HAVE_STRINGS_H 1
| #define HAVE_INTTYPES_H 1
| #define HAVE_STDINT_H 1
| #define HAVE_UNISTD_H 1
| #define HAVE_DLFCN_H 1
| #define LT_OBJDIR ".libs/"
| #define HAVE_LIBZ 1
| #define HAVE_ARPA_INET_H 1
| #define HAVE_FCNTL_H 1
| #define HAVE_NETINET_IN_H 1
| #define HAVE_NETDB_H 1
| #define HAVE_SYS_SOCKET_H 1
| #define HAVE_SYS_TIME_H 1
| #define HAVE_UNISTD_H 1
| #define HAVE_SOCKLEN_T 1
| /* end confdefs.h.  */
| #include <stdio.h>
| #ifdef HAVE_SYS_TYPES_H
| # include <sys/types.h>
| #endif
| #ifdef HAVE_SYS_STAT_H
| # include <sys/stat.h>
| #endif
| #ifdef STDC_HEADERS
| # include <stdlib.h>
| # include <stddef.h>
| #else
| # ifdef HAVE_STDLIB_H
| #  include <stdlib.h>
| # endif
| #endif
| #ifdef HAVE_STRING_H
| # if !defined STDC_HEADERS && defined HAVE_MEMORY_H
| #  include <memory.h>
| # endif
| # include <string.h>
| #endif
| #ifdef HAVE_STRINGS_H
| # include <strings.h>
| #endif
| #ifdef HAVE_INTTYPES_H
| # include <inttypes.h>
| #endif
| #ifdef HAVE_STDINT_H
| # include <stdint.h>
| #endif
| #ifdef HAVE_UNISTD_H
| # include <unistd.h>
| #endif
| int
| main ()
| {
| if (sizeof (_Bool))
| 	 return 0;
|   ;
|   return 0;
| }
configure:15710: result: no
configure:15727: checking for an ANSI C-conforming const
configure:15793: g++ -c -g -O2  conftest.cpp >&5
configure:15793: $? = 0
configure:15800: result: yes
configure:15808: checking for inline
configure:15824: g++ -c -g -O2  conftest.cpp >&5
configure:15824: $? = 0
configure:15832: result: inline
configure:15854: checking for size_t
configure:15854: g++ -c -g -O2  conftest.cpp >&5
configure:15854: $? = 0
configure:15854: g++ -c -g -O2  conftest.cpp >&5
conftest.cpp: In function 'int main()':
conftest.cpp:69:20: error: expected primary-expression before ')' token
 if (sizeof ((size_t)))
                    ^
configure:15854: $? = 1
configure: failed program was:
| /* confdefs.h */
| #define PACKAGE_NAME "librcsc"
| #define PACKAGE_TARNAME "librcsc"
| #define PACKAGE_VERSION "4.1.0"
| #define PACKAGE_STRING "librcsc 4.1.0"
| #define PACKAGE_BUGREPORT "akky@users.sourceforge.jp"
| #define PACKAGE_URL ""
| #define PACKAGE "librcsc"
| #define VERSION "4.1.0"
| #define STDC_HEADERS 1
| #define HAVE_SYS_TYPES_H 1
| #define HAVE_SYS_STAT_H 1
| #define HAVE_STDLIB_H 1
| #define HAVE_STRING_H 1
| #define HAVE_MEMORY_H 1
| #define HAVE_STRINGS_H 1
| #define HAVE_INTTYPES_H 1
| #define HAVE_STDINT_H 1
| #define HAVE_UNISTD_H 1
| #define HAVE_DLFCN_H 1
| #define LT_OBJDIR ".libs/"
| #define HAVE_LIBZ 1
| #define HAVE_ARPA_INET_H 1
| #define HAVE_FCNTL_H 1
| #define HAVE_NETINET_IN_H 1
| #define HAVE_NETDB_H 1
| #define HAVE_SYS_SOCKET_H 1
| #define HAVE_SYS_TIME_H 1
| #define HAVE_UNISTD_H 1
| #define HAVE_SOCKLEN_T 1
| #define HAVE_STDBOOL_H 1
| /* end confdefs.h.  */
| #include <stdio.h>
| #ifdef HAVE_SYS_TYPES_H
| # include <sys/types.h>
| #endif
| #ifdef HAVE_SYS_STAT_H
| # include <sys/stat.h>
| #endif
| #ifdef STDC_HEADERS
| # include <stdlib.h>
| # include <stddef.h>
| #else
| # ifdef HAVE_STDLIB_H
| #  include <stdlib.h>
| # endif
| #endif
| #ifdef HAVE_STRING_H
| # if !defined STDC_HEADERS && defined HAVE_MEMORY_H
| #  include <memory.h>
| # endif
| # include <string.h>
| #endif
| #ifdef HAVE_STRINGS_H
| # include <strings.h>
| #endif
| #ifdef HAVE_INTTYPES_H
| # include <inttypes.h>
| #endif
| #ifdef HAVE_STDINT_H
| # include <stdint.h>
| #endif
| #ifdef HAVE_UNISTD_H
| # include <unistd.h>
| #endif
| int
| main ()
| {
| if (sizeof ((size_t)))
| 	    return 0;
|   ;
|   return 0;
| }
configure:15854: result: yes
configure:15865: checking whether time.h and sys/time.h may both be included
configure:15885: g++ -c -g -O2  conftest.cpp >&5
configure:15885: $? = 0
configure:15892: result: yes
configure:15904: checking for ANSI C header files
configure:16008: result: yes
configure:16018: checking for stdlib.h
configure:16018: result: yes
configure:16028: checking for GNU libc compatible malloc
configure:16052: g++ -o conftest -g -O2   conftest.cpp -lz -lm  >&5
configure:16052: $? = 0
configure:16052: ./conftest
configure:16052: $? = 0
configure:16062: result: yes
configure:16085: checking for stdlib.h
configure:16085: result: yes
configure:16095: checking for GNU libc compatible realloc
configure:16119: g++ -o conftest -g -O2   conftest.cpp -lz -lm  >&5
configure:16119: $? = 0
configure:16119: ./conftest
configure:16119: $? = 0
configure:16129: result: yes
configure:16153: checking sys/select.h usability
configure:16153: g++ -c -g -O2  conftest.cpp >&5
configure:16153: $? = 0
configure:16153: result: yes
configure:16153: checking sys/select.h presence
configure:16153: g++ -E  conftest.cpp
configure:16153: $? = 0
configure:16153: result: yes
configure:16153: checking for sys/select.h
configure:16153: result: yes
configure:16153: checking for sys/socket.h
configure:16153: result: yes
configure:16163: checking types of arguments for select
configure:16191: g++ -c -g -O2  conftest.cpp >&5
configure:16191: $? = 0
configure:16202: result: int,fd_set *,struct timeval *
configure:16225: checking for working strtod
configure:16266: g++ -o conftest -g -O2   conftest.cpp -lz -lm  >&5
conftest.cpp: In function 'int main()':
conftest.cpp:86:20: warning: deprecated conversion from string constant to 'char*' [-Wwrite-strings]
     char *string = " +69";
                    ^
conftest.cpp:97:20: warning: deprecated conversion from string constant to 'char*' [-Wwrite-strings]
     char *string = "NaN";
                    ^
configure:16266: $? = 0
configure:16266: ./conftest
configure:16266: $? = 0
configure:16276: result: yes
configure:16340: checking for vprintf
configure:16340: g++ -o conftest -g -O2   conftest.cpp -lz -lm  >&5
configure:16340: $? = 0
configure:16340: result: yes
configure:16346: checking for _doprnt
configure:16346: g++ -o conftest -g -O2   conftest.cpp -lz -lm  >&5
/tmp/cc6hmeZo.o: In function `main':
/home/vicky/Documents/Repositorio/robocup-coach/librcsc-4.1.0/conftest.cpp:79: undefined reference to `_doprnt'
collect2: error: ld returned 1 exit status
configure:16346: $? = 1
configure: failed program was:
| /* confdefs.h */
| #define PACKAGE_NAME "librcsc"
| #define PACKAGE_TARNAME "librcsc"
| #define PACKAGE_VERSION "4.1.0"
| #define PACKAGE_STRING "librcsc 4.1.0"
| #define PACKAGE_BUGREPORT "akky@users.sourceforge.jp"
| #define PACKAGE_URL ""
| #define PACKAGE "librcsc"
| #define VERSION "4.1.0"
| #define STDC_HEADERS 1
| #define HAVE_SYS_TYPES_H 1
| #define HAVE_SYS_STAT_H 1
| #define HAVE_STDLIB_H 1
| #define HAVE_STRING_H 1
| #define HAVE_MEMORY_H 1
| #define HAVE_STRINGS_H 1
| #define HAVE_INTTYPES_H 1
| #define HAVE_STDINT_H 1
| #define HAVE_UNISTD_H 1
| #define HAVE_DLFCN_H 1
| #define LT_OBJDIR ".libs/"
| #define HAVE_LIBZ 1
| #define HAVE_ARPA_INET_H 1
| #define HAVE_FCNTL_H 1
| #define HAVE_NETINET_IN_H 1
| #define HAVE_NETDB_H 1
| #define HAVE_SYS_SOCKET_H 1
| #define HAVE_SYS_TIME_H 1
| #define HAVE_UNISTD_H 1
| #define HAVE_SOCKLEN_T 1
| #define HAVE_STDBOOL_H 1
| #define TIME_WITH_SYS_TIME 1
| #define STDC_HEADERS 1
| #define HAVE_STDLIB_H 1
| #define HAVE_MALLOC 1
| #define HAVE_STDLIB_H 1
| #define HAVE_REALLOC 1
| #define HAVE_SYS_SELECT_H 1
| #define HAVE_SYS_SOCKET_H 1
| #define SELECT_TYPE_ARG1 int
| #define SELECT_TYPE_ARG234 (fd_set *)
| #define SELECT_TYPE_ARG5 (struct timeval *)
| #define HAVE_VPRINTF 1
| /* end confdefs.h.  */
| /* Define _doprnt to an innocuous variant, in case <limits.h> declares _doprnt.
|    For example, HP-UX 11i <limits.h> declares gettimeofday.  */
| #define _doprnt innocuous__doprnt
| 
| /* System header to define __stub macros and hopefully few prototypes,
|     which can conflict with char _doprnt (); below.
|     Prefer <limits.h> to <assert.h> if __STDC__ is defined, since
|     <limits.h> exists even on freestanding compilers.  */
| 
| #ifdef __STDC__
| # include <limits.h>
| #else
| # include <assert.h>
| #endif
| 
| #undef _doprnt
| 
| /* Override any GCC internal prototype to avoid an error.
|    Use char because int might match the return type of a GCC
|    builtin and then its argument prototype would still apply.  */
| #ifdef __cplusplus
| extern "C"
| #endif
| char _doprnt ();
| /* The GNU C library defines this for functions which it implements
|     to always fail with ENOSYS.  Some functions are actually named
|     something starting with __ and the normal name is an alias.  */
| #if defined __stub__doprnt || defined __stub____doprnt
| choke me
| #endif
| 
| int
| main ()
| {
| return _doprnt ();
|   ;
|   return 0;
| }
configure:16346: result: no
configure:16360: checking for floor
configure:16360: g++ -o conftest -g -O2   conftest.cpp -lz -lm  >&5
configure:16360: $? = 0
configure:16360: result: yes
configure:16360: checking for inet_addr
configure:16360: g++ -o conftest -g -O2   conftest.cpp -lz -lm  >&5
configure:16360: $? = 0
configure:16360: result: yes
configure:16360: checking for getaddrinfo
configure:16360: g++ -o conftest -g -O2   conftest.cpp -lz -lm  >&5
configure:16360: $? = 0
configure:16360: result: yes
configure:16360: checking for gethostbyname
configure:16360: g++ -o conftest -g -O2   conftest.cpp -lz -lm  >&5
configure:16360: $? = 0
configure:16360: result: yes
configure:16360: checking for gettimeofday
configure:16360: g++ -o conftest -g -O2   conftest.cpp -lz -lm  >&5
configure:16360: $? = 0
configure:16360: result: yes
configure:16372: checking for memset
configure:16372: g++ -o conftest -g -O2   conftest.cpp -lz -lm  >&5
configure:16372: $? = 0
configure:16372: result: yes
configure:16372: checking for pow
configure:16372: g++ -o conftest -g -O2   conftest.cpp -lz -lm  >&5
configure:16372: $? = 0
configure:16372: result: yes
configure:16372: checking for rint
configure:16372: g++ -o conftest -g -O2   conftest.cpp -lz -lm  >&5
configure:16372: $? = 0
configure:16372: result: yes
configure:16372: checking for select
configure:16372: g++ -o conftest -g -O2   conftest.cpp -lz -lm  >&5
configure:16372: $? = 0
configure:16372: result: yes
configure:16372: checking for socket
configure:16372: g++ -o conftest -g -O2   conftest.cpp -lz -lm  >&5
configure:16372: $? = 0
configure:16372: result: yes
configure:16372: checking for sqrt
configure:16372: g++ -o conftest -g -O2   conftest.cpp -lz -lm  >&5
configure:16372: $? = 0
configure:16372: result: yes
configure:16372: checking for strerror
configure:16372: g++ -o conftest -g -O2   conftest.cpp -lz -lm  >&5
configure:16372: $? = 0
configure:16372: result: yes
configure:16372: checking for strtol
configure:16372: g++ -o conftest -g -O2   conftest.cpp -lz -lm  >&5
configure:16372: $? = 0
configure:16372: result: yes
configure:16434: checking for boostlib >= 1.32.0
configure:16494: g++ -c -g -O2  -I/usr/include conftest.cpp >&5
configure:16494: $? = 0
configure:16496: result: yes
configure:16873: checking for doxygen
configure:16908: result: no
configure:16915: checking for dot
configure:16931: found /usr/bin/dot
configure:16943: result: YES
configure:17117: creating ./config.status

## ---------------------- ##
## Running config.status. ##
## ---------------------- ##

This file was extended by librcsc config.status 4.1.0, which was
generated by GNU Autoconf 2.69.  Invocation command line was

  CONFIG_FILES    = 
  CONFIG_HEADERS  = 
  CONFIG_LINKS    = 
  CONFIG_COMMANDS = 
  $ ./config.status 

on vickycomp

config.status:1194: creating Doxyfile
config.status:1194: creating librcsc.pc
config.status:1194: creating librcsc.spec
config.status:1194: creating librcsc-config
config.status:1194: creating librcscenv
config.status:1194: creating Makefile
config.status:1194: creating rcsc/Makefile
config.status:1194: creating rcsc/ann/Makefile
config.status:1194: creating rcsc/geom/Makefile
config.status:1194: creating rcsc/geom/triangle/Makefile
config.status:1194: creating rcsc/gz/Makefile
config.status:1194: creating rcsc/monitor/Makefile
config.status:1194: creating rcsc/net/Makefile
config.status:1194: creating rcsc/param/Makefile
config.status:1194: creating rcsc/rcg/Makefile
config.status:1194: creating rcsc/time/Makefile
config.status:1194: creating rcsc/util/Makefile
config.status:1194: creating rcsc/common/Makefile
config.status:1194: creating rcsc/player/Makefile
config.status:1194: creating rcsc/action/Makefile
config.status:1194: creating rcsc/formation/Makefile
config.status:1194: creating rcsc/coach/Makefile
config.status:1194: creating rcsc/trainer/Makefile
config.status:1194: creating example/Makefile
config.status:1194: creating src/Makefile
config.status:1194: creating config.h
config.status:1375: config.h is unchanged
config.status:1423: executing depfiles commands
config.status:1423: executing libtool commands

## ---------------- ##
## Cache variables. ##
## ---------------- ##

ac_cv_build=x86_64-unknown-linux-gnu
ac_cv_c_compiler_gnu=yes
ac_cv_c_const=yes
ac_cv_c_inline=inline
ac_cv_cxx_compiler_gnu=yes
ac_cv_env_CCC_set=
ac_cv_env_CCC_value=
ac_cv_env_CC_set=
ac_cv_env_CC_value=
ac_cv_env_CFLAGS_set=
ac_cv_env_CFLAGS_value=
ac_cv_env_CPPFLAGS_set=
ac_cv_env_CPPFLAGS_value=
ac_cv_env_CPP_set=
ac_cv_env_CPP_value=
ac_cv_env_CXXCPP_set=
ac_cv_env_CXXCPP_value=
ac_cv_env_CXXFLAGS_set=
ac_cv_env_CXXFLAGS_value=
ac_cv_env_CXX_set=
ac_cv_env_CXX_value=
ac_cv_env_LDFLAGS_set=
ac_cv_env_LDFLAGS_value=
ac_cv_env_LIBS_set=
ac_cv_env_LIBS_value=
ac_cv_env_build_alias_set=
ac_cv_env_build_alias_value=
ac_cv_env_host_alias_set=
ac_cv_env_host_alias_value=
ac_cv_env_target_alias_set=
ac_cv_env_target_alias_value=
ac_cv_func__doprnt=no
ac_cv_func_floor=yes
ac_cv_func_getaddrinfo=yes
ac_cv_func_gethostbyname=yes
ac_cv_func_gettimeofday=yes
ac_cv_func_inet_addr=yes
ac_cv_func_malloc_0_nonnull=yes
ac_cv_func_memset=yes
ac_cv_func_pow=yes
ac_cv_func_realloc_0_nonnull=yes
ac_cv_func_rint=yes
ac_cv_func_select=yes
ac_cv_func_select_args='int,fd_set *,struct timeval *'
ac_cv_func_socket=yes
ac_cv_func_sqrt=yes
ac_cv_func_strerror=yes
ac_cv_func_strtod=yes
ac_cv_func_strtol=yes
ac_cv_func_vprintf=yes
ac_cv_header_arpa_inet_h=yes
ac_cv_header_dlfcn_h=yes
ac_cv_header_fcntl_h=yes
ac_cv_header_inttypes_h=yes
ac_cv_header_memory_h=yes
ac_cv_header_netdb_h=yes
ac_cv_header_netinet_in_h=yes
ac_cv_header_stdbool_h=yes
ac_cv_header_stdc=yes
ac_cv_header_stdint_h=yes
ac_cv_header_stdlib_h=yes
ac_cv_header_string_h=yes
ac_cv_header_strings_h=yes
ac_cv_header_sys_select_h=yes
ac_cv_header_sys_socket_h=yes
ac_cv_header_sys_stat_h=yes
ac_cv_header_sys_time_h=yes
ac_cv_header_sys_types_h=yes
ac_cv_header_time=yes
ac_cv_header_unistd_h=yes
ac_cv_host=x86_64-unknown-linux-gnu
ac_cv_lib_m_cos=yes
ac_cv_lib_z_deflate=yes
ac_cv_objext=o
ac_cv_path_EGREP='/bin/grep -E'
ac_cv_path_FGREP='/bin/grep -F'
ac_cv_path_GREP=/bin/grep
ac_cv_path_SED=/bin/sed
ac_cv_path_install='/usr/bin/install -c'
ac_cv_path_mkdir=/bin/mkdir
ac_cv_prog_AWK=mawk
ac_cv_prog_CPP='gcc -E'
ac_cv_prog_CXXCPP='g++ -E'
ac_cv_prog_HAVE_DOT=YES
ac_cv_prog_ac_ct_AR=ar
ac_cv_prog_ac_ct_CC=gcc
ac_cv_prog_ac_ct_CXX=g++
ac_cv_prog_ac_ct_OBJDUMP=objdump
ac_cv_prog_ac_ct_RANLIB=ranlib
ac_cv_prog_ac_ct_STRIP=strip
ac_cv_prog_cc_c89=
ac_cv_prog_cc_g=yes
ac_cv_prog_cxx_g=yes
ac_cv_prog_make_make_set=yes
ac_cv_type__Bool=no
ac_cv_type_size_t=yes
ac_cv_type_socklen_t=yes
am_cv_CC_dependencies_compiler_type=gcc3
am_cv_CXX_dependencies_compiler_type=gcc3
lt_cv_deplibs_check_method=pass_all
lt_cv_file_magic_cmd='$MAGIC_CMD'
lt_cv_file_magic_test_file=
lt_cv_ld_reload_flag=-r
lt_cv_nm_interface='BSD nm'
lt_cv_objdir=.libs
lt_cv_path_LD=/usr/bin/ld
lt_cv_path_LDCXX=/usr/bin/ld
lt_cv_path_NM='/usr/bin/nm -B'
lt_cv_prog_compiler_c_o=yes
lt_cv_prog_compiler_c_o_CXX=yes
lt_cv_prog_compiler_pic_works=yes
lt_cv_prog_compiler_pic_works_CXX=yes
lt_cv_prog_compiler_rtti_exceptions=no
lt_cv_prog_compiler_static_works=yes
lt_cv_prog_compiler_static_works_CXX=yes
lt_cv_prog_gnu_ld=yes
lt_cv_prog_gnu_ldcxx=yes
lt_cv_sys_global_symbol_pipe=
lt_cv_sys_global_symbol_to_c_name_address='sed -n -e '\''s/^: \([^ ]*\) $/  {\"\1\", (void *) 0},/p'\'' -e '\''s/^[ABCDGIRSTW]* \([^ ]*\) \([^ ]*\)$/  {"\2", (void *) \&\2},/p'\'''
lt_cv_sys_global_symbol_to_c_name_address_lib_prefix='sed -n -e '\''s/^: \([^ ]*\) $/  {\"\1\", (void *) 0},/p'\'' -e '\''s/^[ABCDGIRSTW]* \([^ ]*\) \(lib[^ ]*\)$/  {"\2", (void *) \&\2},/p'\'' -e '\''s/^[ABCDGIRSTW]* \([^ ]*\) \([^ ]*\)$/  {"lib\2", (void *) \&\2},/p'\'''
lt_cv_sys_global_symbol_to_cdecl=
lt_cv_sys_max_cmd_len=1572864

## ----------------- ##
## Output variables. ##
## ----------------- ##

ACLOCAL='${SHELL} /home/vicky/Documents/Repositorio/robocup-coach/librcsc-4.1.0/config/missing --run aclocal-1.11'
AMDEPBACKSLASH='\'
AMDEP_FALSE='#'
AMDEP_TRUE=''
AMTAR='${SHELL} /home/vicky/Documents/Repositorio/robocup-coach/librcsc-4.1.0/config/missing --run tar'
AR='ar'
AUTOCONF='${SHELL} /home/vicky/Documents/Repositorio/robocup-coach/librcsc-4.1.0/config/missing --run autoconf'
AUTOHEADER='${SHELL} /home/vicky/Documents/Repositorio/robocup-coach/librcsc-4.1.0/config/missing --run autoheader'
AUTOMAKE='${SHELL} /home/vicky/Documents/Repositorio/robocup-coach/librcsc-4.1.0/config/missing --run automake-1.11'
AWK='mawk'
BOOST_CPPFLAGS='-I/usr/include'
BOOST_LDFLAGS='-L/usr/lib64'
BUILD_EXAMPLE_FALSE=''
BUILD_EXAMPLE_TRUE='#'
CC='gcc'
CCDEPMODE='depmode=gcc3'
CFLAGS='-g -O2'
CPP='gcc -E'
CPPFLAGS=' -I/usr/include'
CPPUNIT_CFLAGS=''
CPPUNIT_CONFIG=''
CPPUNIT_LIBS=''
CXX='g++'
CXXCPP='g++ -E'
CXXDEPMODE='depmode=gcc3'
CXXFLAGS='-g -O2'
CYGPATH_W='echo'
DEFS='-DHAVE_CONFIG_H'
DEPDIR='.deps'
DOXYGEN=''
DSYMUTIL=''
DUMPBIN=''
ECHO_C=''
ECHO_N='-n'
ECHO_T=''
EGREP='/bin/grep -E'
EXEEXT=''
FGREP='/bin/grep -F'
GREP='/bin/grep'
HAVE_DOT='YES'
INSTALL_DATA='${INSTALL} -m 644'
INSTALL_PROGRAM='${INSTALL}'
INSTALL_SCRIPT='${INSTALL}'
INSTALL_STRIP_PROGRAM='$(install_sh) -c -s'
LD='/usr/bin/ld'
LDFLAGS=' -L/usr/lib64'
LIBOBJS=''
LIBS='-lz -lm '
LIBTOOL='$(SHELL) $(top_builddir)/libtool'
LIBTOOL_DEPS='config/ltmain.sh'
LIPO=''
LN_S='ln -s'
LTLIBOBJS=''
MAKEINFO='${SHELL} /home/vicky/Documents/Repositorio/robocup-coach/librcsc-4.1.0/config/missing --run makeinfo'
MKDIR_P='/bin/mkdir -p'
NM='/usr/bin/nm -B'
NMEDIT=''
OBJDUMP='objdump'
OBJEXT='o'
OTOOL64=''
OTOOL=''
PACKAGE='librcsc'
PACKAGE_BUGREPORT='akky@users.sourceforge.jp'
PACKAGE_NAME='librcsc'
PACKAGE_STRING='librcsc 4.1.0'
PACKAGE_TARNAME='librcsc'
PACKAGE_URL=''
PACKAGE_VERSION='4.1.0'
PATH_SEPARATOR=':'
POW_LIB=''
RANLIB='ranlib'
SED='/bin/sed'
SET_MAKE=''
SHELL='/bin/bash'
STRIP='strip'
UNIT_TEST_FALSE=''
UNIT_TEST_TRUE='#'
VERSION='4.1.0'
ac_ct_CC='gcc'
ac_ct_CXX='g++'
ac_ct_DUMPBIN=''
am__EXEEXT_FALSE=''
am__EXEEXT_TRUE='#'
am__fastdepCC_FALSE='#'
am__fastdepCC_TRUE=''
am__fastdepCXX_FALSE='#'
am__fastdepCXX_TRUE=''
am__include='include'
am__isrc=''
am__leading_dot='.'
am__quote=''
am__tar='${AMTAR} chof - "$$tardir"'
am__untar='${AMTAR} xf -'
bindir='${exec_prefix}/bin'
build='x86_64-unknown-linux-gnu'
build_alias=''
build_cpu='x86_64'
build_os='linux-gnu'
build_vendor='unknown'
datadir='${datarootdir}'
datarootdir='${prefix}/share'
docdir='${datarootdir}/doc/${PACKAGE_TARNAME}'
dvidir='${docdir}'
exec_prefix='${prefix}'
host='x86_64-unknown-linux-gnu'
host_alias=''
host_cpu='x86_64'
host_os='linux-gnu'
host_vendor='unknown'
htmldir='${docdir}'
includedir='${prefix}/include'
infodir='${datarootdir}/info'
install_sh='${SHELL} /home/vicky/Documents/Repositorio/robocup-coach/librcsc-4.1.0/config/install-sh'
libdir='${exec_prefix}/lib'
libexecdir='${exec_prefix}/libexec'
localedir='${datarootdir}/locale'
localstatedir='${prefix}/var'
lt_ECHO='echo'
mandir='${datarootdir}/man'
mkdir_p='/bin/mkdir -p'
oldincludedir='/usr/include'
pdfdir='${docdir}'
prefix='/usr/local'
program_transform_name='s,x,x,'
psdir='${docdir}'
sbindir='${exec_prefix}/sbin'
sharedstatedir='${prefix}/com'
sysconfdir='${prefix}/etc'
target_alias=''

## ----------- ##
## confdefs.h. ##
## ----------- ##

/* confdefs.h */
#define PACKAGE_NAME "librcsc"
#define PACKAGE_TARNAME "librcsc"
#define PACKAGE_VERSION "4.1.0"
#define PACKAGE_STRING "librcsc 4.1.0"
#define PACKAGE_BUGREPORT "akky@users.sourceforge.jp"
#define PACKAGE_URL ""
#define PACKAGE "librcsc"
#define VERSION "4.1.0"
#define STDC_HEADERS 1
#define HAVE_SYS_TYPES_H 1
#define HAVE_SYS_STAT_H 1
#define HAVE_STDLIB_H 1
#define HAVE_STRING_H 1
#define HAVE_MEMORY_H 1
#define HAVE_STRINGS_H 1
#define HAVE_INTTYPES_H 1
#define HAVE_STDINT_H 1
#define HAVE_UNISTD_H 1
#define HAVE_DLFCN_H 1
#define LT_OBJDIR ".libs/"
#define HAVE_LIBZ 1
#define HAVE_ARPA_INET_H 1
#define HAVE_FCNTL_H 1
#define HAVE_NETINET_IN_H 1
#define HAVE_NETDB_H 1
#define HAVE_SYS_SOCKET_H 1
#define HAVE_SYS_TIME_H 1
#define HAVE_UNISTD_H 1
#define HAVE_SOCKLEN_T 1
#define HAVE_STDBOOL_H 1
#define TIME_WITH_SYS_TIME 1
#define STDC_HEADERS 1
#define HAVE_STDLIB_H 1
#define HAVE_MALLOC 1
#define HAVE_STDLIB_H 1
#define HAVE_REALLOC 1
#define HAVE_SYS_SELECT_H 1
#define HAVE_SYS_SOCKET_H 1
#define SELECT_TYPE_ARG1 int
#define SELECT_TYPE_ARG234 (fd_set *)
#define SELECT_TYPE_ARG5 (struct timeval *)
#define HAVE_VPRINTF 1
#define HAVE_FLOOR 1
#define HAVE_INET_ADDR 1
#define HAVE_GETADDRINFO 1
#define HAVE_GETHOSTBYNAME 1
#define HAVE_GETTIMEOFDAY 1
#define HAVE_MEMSET 1
#define HAVE_POW 1
#define HAVE_RINT 1
#define HAVE_SELECT 1
#define HAVE_SOCKET 1
#define HAVE_SQRT 1
#define HAVE_STRERROR 1
#define HAVE_STRTOL 1
#define HAVE_BOOST /**/

configure: exit 0
